C51 COMPILER V9.60.0.0   DIY_ADC                                                           05/14/2021 11:27:19 PAGE 1   


C51 COMPILER V9.60.0.0, COMPILATION OF MODULE DIY_ADC
OBJECT MODULE PLACED IN .\Objects\diy_adc.obj
COMPILER INVOKED BY: C:\Keil_v5\C51\BIN\C51.EXE diy_adc.c LARGE OMF2 OPTIMIZE(8,SPEED) BROWSE DEBUG CODE PRINT(.\Listing
                    -s\diy_adc.lst) TABS(2) OBJECT(.\Objects\diy_adc.obj)

line level    source

   1          // EEEN202 Staircase ADC
   2          // Nick Thompson, Robin Dykstra 2018
   3          
   4          #include "lcd.h"
   5          #include <stdio.h>
   6          
   7          //Macros
   8          #define Sfr(x, y)       sfr x = y
   9          #define Sbit(x, y, z)   sbit x = y^z
  10          
  11          // Pin and Port definitions 
  12          Sfr(PORT_DAC,0x80);  //DAC output port sfr(NAME,ADDR) //Port 0
  13          Sbit(PIN_CMP,0xB0,7); //Comparator input pin sbit(NAME,ADDR,BIT_NUM) // Port 3 pin 7
  14          
  15          
  16          // Stair case converter code
  17          unsigned char staircaseConverter(){
  18   1        unsigned char test_val;
  19   1        for(test_val=1; test_val<256; test_val++){  
  20   2          PORT_DAC = test_val; //set the value of the port
  21   2          delay(100); // wait for the comparator to stabilise
  22   2          if(PIN_CMP){ //check if the comparator is high 
  23   3            return test_val;  //return the value if the comparator is high
  24   3          }
  25   2        }   
  26   1        return 0;
  27   1      }
  28          
  29          
  30          void main(){
  31   1        int adc_value;
  32   1        char output_text[16];
  33   1        initLCD();
  34   1        while(1){
  35   2          adc_value=staircaseConverter();
  36   2          sprintf(output_text,"V: %d", adc_value);
  37   2          writeLineLCD(output_text);
  38   2          delay(10000);
  39   2          clearLCD();
  40   2        }
  41   1      }
C51 COMPILER V9.60.0.0   DIY_ADC                                                           05/14/2021 11:27:19 PAGE 2   

ASSEMBLY LISTING OF GENERATED OBJECT CODE


             ; FUNCTION staircaseConverter (BEGIN)
                                           ; SOURCE LINE # 17
                                           ; SOURCE LINE # 19
0000 900000      R     MOV     DPTR,#test_val
0003 7401              MOV     A,#01H
0005 F0                MOVX    @DPTR,A
0006         ?C0001:
0006 900000      R     MOV     DPTR,#test_val
0009 E0                MOVX    A,@DPTR
000A FF                MOV     R7,A
000B C3                CLR     C
000C 7480              MOV     A,#080H
000E 9481              SUBB    A,#081H
0010 501A              JNC     ?C0002
                                           ; SOURCE LINE # 20
0012 8F80              MOV     PORT_DAC,R7
                                           ; SOURCE LINE # 21
0014 7F64              MOV     R7,#064H
0016 7E00              MOV     R6,#00H
0018 120000      E     LCALL   _delay
                                           ; SOURCE LINE # 22
001B 30B706            JNB     PIN_CMP,?C0003
                                           ; SOURCE LINE # 23
001E 900000      R     MOV     DPTR,#test_val
0021 E0                MOVX    A,@DPTR
0022 FF                MOV     R7,A
0023 22                RET     
                                           ; SOURCE LINE # 24
                                           ; SOURCE LINE # 25
0024         ?C0003:
0024 900000      R     MOV     DPTR,#test_val
0027 E0                MOVX    A,@DPTR
0028 04                INC     A
0029 F0                MOVX    @DPTR,A
002A 80DA              SJMP    ?C0001
002C         ?C0002:
                                           ; SOURCE LINE # 26
002C 7F00              MOV     R7,#00H
                                           ; SOURCE LINE # 27
002E         ?C0005:
002E 22                RET     
             ; FUNCTION staircaseConverter (END)

             ; FUNCTION main (BEGIN)
                                           ; SOURCE LINE # 30
                                           ; SOURCE LINE # 33
0000 120000      E     LCALL   initLCD
0003         ?C0006:
                                           ; SOURCE LINE # 34
                                           ; SOURCE LINE # 35
0003 120000      R     LCALL   staircaseConverter
0006 7E00              MOV     R6,#00H
0008 900000      R     MOV     DPTR,#adc_value
000B EE                MOV     A,R6
000C F0                MOVX    @DPTR,A
000D A3                INC     DPTR
000E EF                MOV     A,R7
000F F0                MOVX    @DPTR,A
                                           ; SOURCE LINE # 36
C51 COMPILER V9.60.0.0   DIY_ADC                                                           05/14/2021 11:27:19 PAGE 3   

0010 900000      E     MOV     DPTR,#?_sprintf?BYTE+03H
0013 74FF              MOV     A,#0FFH
0015 F0                MOVX    @DPTR,A
0016 A3                INC     DPTR
0017 7400        R     MOV     A,#HIGH ?SC_0
0019 F0                MOVX    @DPTR,A
001A A3                INC     DPTR
001B 7400        R     MOV     A,#LOW ?SC_0
001D F0                MOVX    @DPTR,A
001E A3                INC     DPTR
001F EE                MOV     A,R6
0020 F0                MOVX    @DPTR,A
0021 A3                INC     DPTR
0022 EF                MOV     A,R7
0023 F0                MOVX    @DPTR,A
0024 7B01              MOV     R3,#01H
0026 7A00        R     MOV     R2,#HIGH output_text
0028 7900        R     MOV     R1,#LOW output_text
002A 120000      E     LCALL   _sprintf
                                           ; SOURCE LINE # 37
002D 7B01              MOV     R3,#01H
002F 7A00        R     MOV     R2,#HIGH output_text
0031 7900        R     MOV     R1,#LOW output_text
0033 120000      E     LCALL   _writeLineLCD
                                           ; SOURCE LINE # 38
0036 7F10              MOV     R7,#010H
0038 7E27              MOV     R6,#027H
003A 120000      E     LCALL   _delay
                                           ; SOURCE LINE # 39
003D 120000      E     LCALL   clearLCD
                                           ; SOURCE LINE # 40
0040 80C1              SJMP    ?C0006
             ; FUNCTION main (END)



MODULE INFORMATION:   STATIC OVERLAYABLE
   CODE SIZE        =    113    ----
   CONSTANT SIZE    =      6    ----
   XDATA SIZE       =   ----      19
   PDATA SIZE       =   ----    ----
   DATA SIZE        =   ----    ----
   IDATA SIZE       =   ----    ----
   BIT SIZE         =   ----    ----
   EDATA SIZE       =   ----    ----
   HDATA SIZE       =   ----    ----
   XDATA CONST SIZE =   ----    ----
   FAR CONST SIZE   =   ----    ----
END OF MODULE INFORMATION.


C51 COMPILATION COMPLETE.  0 WARNING(S),  0 ERROR(S)
